# JRE version: Java(TM) SE Runtime Environment 18.9 (11.0.9+7) (build 11.0.9+7-LTS)
# Java VM: Java HotSpot(TM) 64-Bit Server VM 18.9 (11.0.9+7-LTS, mixed mode, tiered, compressed oops, g1 gc, windows-amd64)
Heap:
 garbage-first heap   total 196608K, used 95692K [0x0000000741a00000, 0x0000000800000000)
  region size 1024K, 70 young (71680K), 10 survivors (10240K)
 Metaspace       used 39437K, capacity 40571K, committed 40784K, reserved 1085440K
  class space    used 4581K, capacity 5036K, committed 5120K, reserved 1048576K
GC Heap History (6 events):
Event: 0.971 GC heap before
{Heap before GC invocations=0 (full 0):
 garbage-first heap   total 196608K, used 24576K [0x0000000741a00000, 0x0000000800000000)
  region size 1024K, 24 young (24576K), 0 survivors (0K)
 Metaspace       used 7705K, capacity 7819K, committed 8064K, reserved 1056768K
  class space    used 721K, capacity 774K, committed 896K, reserved 1048576K
}
Event: 0.976 GC heap after
{Heap after GC invocations=1 (full 0):
 garbage-first heap   total 196608K, used 7961K [0x0000000741a00000, 0x0000000800000000)
  region size 1024K, 3 young (3072K), 3 survivors (3072K)
 Metaspace       used 7705K, capacity 7819K, committed 8064K, reserved 1056768K
  class space    used 721K, capacity 774K, committed 896K, reserved 1048576K
}
Event: 3.011 GC heap before
{Heap before GC invocations=1 (full 0):
 garbage-first heap   total 196608K, used 97049K [0x0000000741a00000, 0x0000000800000000)
  region size 1024K, 91 young (93184K), 3 survivors (3072K)
 Metaspace       used 20565K, capacity 21151K, committed 21296K, reserved 1069056K
  class space    used 2142K, capacity 2371K, committed 2432K, reserved 1048576K
}
Event: 3.021 GC heap after
{Heap after GC invocations=2 (full 0):
 garbage-first heap   total 196608K, used 11508K [0x0000000741a00000, 0x0000000800000000)
  region size 1024K, 7 young (7168K), 7 survivors (7168K)
 Metaspace       used 20565K, capacity 21151K, committed 21296K, reserved 1069056K
  class space    used 2142K, capacity 2371K, committed 2432K, reserved 1048576K
}
Event: 5.627 GC heap before
{Heap before GC invocations=3 (full 0):
 garbage-first heap   total 196608K, used 97524K [0x0000000741a00000, 0x0000000800000000)
  region size 1024K, 92 young (94208K), 7 survivors (7168K)
 Metaspace       used 34857K, capacity 35828K, committed 35920K, reserved 1081344K
  class space    used 3961K, capacity 4336K, committed 4352K, reserved 1048576K
}
Event: 5.642 GC heap after
{Heap after GC invocations=4 (full 0):
 garbage-first heap   total 196608K, used 17868K [0x0000000741a00000, 0x0000000800000000)
  region size 1024K, 10 young (10240K), 10 survivors (10240K)
 Metaspace       used 34857K, capacity 35828K, committed 35920K, reserved 1081344K
  class space    used 3961K, capacity 4336K, committed 4352K, reserved 1048576K
}

